<?xml version="1.0" encoding="UTF-8"?>
<!-- Generated by org.testng.reporters.JUnitXMLReporter -->
<testsuite ignored="0" hostname="Aravindpragada" failures="0" tests="8" name="Chrome-PolicyFlow" time="105.329" errors="0" timestamp="2025-09-08T14:59:59 IST">
  <testcase classname="com.parabank.tests.LoginTests" name="invalidLogin" time="7.624"/>
  <testcase classname="com.parabank.tests.LoginTests" name="validLogin" time="4.752"/>
  <testcase classname="com.parabank.tests.PolicyCreationTests" name="createPolicy" time="13.69"/>
  <testcase classname="com.parabank.tests.PolicyCreationTests" name="createPolicy" time="15.295"/>
  <testcase classname="com.parabank.tests.PremiumCalculationTests" name="validatePremium" time="0.024"/>
  <testcase classname="com.parabank.tests.PremiumCalculationTests" name="validatePremium" time="0.004"/>
  <testcase classname="com.parabank.tests.PremiumCalculationTests" name="validatePremium" time="0.011"/>
  <testcase classname="com.parabank.tests.PremiumCalculationTests" name="validatePremium" time="0.01"/>
</testsuite> <!-- Chrome-PolicyFlow -->
