<?xml version="1.0" encoding="UTF-8"?>
<!-- Generated by org.testng.reporters.JUnitXMLReporter -->
<testsuite ignored="0" hostname="Aravindpragada" failures="0" tests="3" name="Firefox-ClaimsPayments" time="169.898" errors="0" timestamp="2025-09-08T15:01:03 IST">
  <testcase classname="com.parabank.tests.RenewalTests" name="renewPolicy" time="15.761"/>
  <testcase classname="com.parabank.tests.ClaimsTests" name="submitClaim" time="48.233"/>
  <testcase classname="com.parabank.tests.PaymentGatewayTests" name="failedPayment" time="45.296"/>
</testsuite> <!-- Firefox-ClaimsPayments -->
